<?xml version="1.0" encoding="UTF-8"?>
<testng-results ignored="0" total="1" passed="1" failed="0" skipped="0">
  <reporter-output>
  </reporter-output>
  <suite started-at="2022-03-01T15:44:53 IST" name="Default suite" finished-at="2022-03-01T15:44:53 IST" duration-ms="111">
    <groups>
    </groups>
    <test started-at="2022-03-01T15:44:53 IST" name="Default test" finished-at="2022-03-01T15:44:53 IST" duration-ms="111">
      <class name="intduction.avaStreams">
        <test-method signature="streamfilter()[pri:0, instance:intduction.avaStreams@7e5afaa6]" started-at="2022-03-01T15:44:53 IST" name="streamfilter" finished-at="2022-03-01T15:44:53 IST" duration-ms="30" status="PASS">
          <reporter-output>
          </reporter-output>
        </test-method> <!-- streamfilter -->
      </class> <!-- intduction.avaStreams -->
    </test> <!-- Default test -->
  </suite> <!-- Default suite -->
</testng-results>
